<?xml version="1.0" encoding="UTF-8"?>
<TestRun id="6b5aed9b-efa3-478d-bf58-4a63785d92db" name="shreyansowmya@TWOSIXAG 2014-09-01 02:20:49" runUser="twosixag\shreyansowmya" xmlns="http://microsoft.com/schemas/VisualStudio/TeamTest/2010">
  <TestSettings name="Local" id="d6b52016-2952-41ce-93c4-d23e9e59ad95">
    <Description>These are default test settings for a local test run.</Description>
    <Deployment enabled="false" runDeploymentRoot="shreyansowmya_TWOSIXAG 2014-09-01 02_20_49">
      <DeploymentItem filename="C:\temp\training\abc-bank\abc-bank\bin\Debug\abc-bank.dll" />
    </Deployment>
    <Execution>
      <TestTypeSpecific />
      <AgentRule name="Execution Agents">
      </AgentRule>
    </Execution>
  </TestSettings>
  <Times creation="2014-09-01T02:20:49.1118130-04:00" queuing="2014-09-01T02:20:49.9274415-04:00" start="2014-09-01T02:20:49.9742416-04:00" finish="2014-09-01T02:21:34.8473284-04:00" />
  <ResultSummary outcome="Error">
    <Counters total="5" executed="5" passed="4" error="0" failed="0" timeout="0" aborted="1" inconclusive="0" passedButRunAborted="0" notRunnable="0" notExecuted="0" disconnected="0" warning="0" completed="0" inProgress="0" pending="0" />
    <RunInfos>
      <RunInfo computerName="TWOSIXAG" outcome="Error" timestamp="2014-09-01T02:21:34.8317283-04:00">
        <Text>Test host process exited unexpectedly.</Text>
      </RunInfo>
    </RunInfos>
  </ResultSummary>
  <TestDefinitions>
    <UnitTest name="TestNoDepositTotalZero" storage="c:\temp\training\abc-bank\abc-banktests\bin\debug\abc-banktests.dll" id="3185a329-4b7e-5ce6-5b39-9fd77dd8d3f0">
      <Execution id="9c45e3f8-fbab-4e55-87a6-47b30a110025" />
      <TestMethod codeBase="C:/temp/training/abc-bank/abc-bankTests/bin/Debug/abc-bankTests.DLL" adapterTypeName="Microsoft.VisualStudio.TestTools.TestTypes.Unit.UnitTestAdapter, Microsoft.VisualStudio.QualityTools.Tips.UnitTest.Adapter, Version=10.0.0.0, Culture=neutral, PublicKeyToken=b03f5f7f11d50a3a" className="abc_bankTests.BankTests, abc-bankTests, Version=1.0.0.0, Culture=neutral, PublicKeyToken=null" name="TestNoDepositTotalZero" />
    </UnitTest>
    <UnitTest name="TestOneDepositWithdrawalAndTotal" storage="c:\temp\training\abc-bank\abc-banktests\bin\debug\abc-banktests.dll" id="bc3bd5e0-1838-00d0-4d62-d39fd32dd612">
      <Execution id="dddf8ae2-2110-4e09-a73f-5f43988db0f5" />
      <TestMethod codeBase="C:/temp/training/abc-bank/abc-bankTests/bin/Debug/abc-bankTests.DLL" adapterTypeName="Microsoft.VisualStudio.TestTools.TestTypes.Unit.UnitTestAdapter, Microsoft.VisualStudio.QualityTools.Tips.UnitTest.Adapter, Version=10.0.0.0, Culture=neutral, PublicKeyToken=b03f5f7f11d50a3a" className="abc_bankTests.BankTests, abc-bankTests, Version=1.0.0.0, Culture=neutral, PublicKeyToken=null" name="TestOneDepositWithdrawalAndTotal" />
    </UnitTest>
    <UnitTest name="TestOpenThreeAccounts" storage="c:\temp\training\abc-bank\abc-banktests\bin\debug\abc-banktests.dll" id="828d7b9d-e038-3d41-4792-2b0fc2fbe10f">
      <Execution id="84866740-a536-4861-9c63-cd72117bdb05" />
      <TestMethod codeBase="C:/temp/training/abc-bank/abc-bankTests/bin/Debug/abc-bankTests.DLL" adapterTypeName="Microsoft.VisualStudio.TestTools.TestTypes.Unit.UnitTestAdapter, Microsoft.VisualStudio.QualityTools.Tips.UnitTest.Adapter, Version=10.0.0.0, Culture=neutral, PublicKeyToken=b03f5f7f11d50a3a" className="abc_bankTests.BankTests, abc-bankTests, Version=1.0.0.0, Culture=neutral, PublicKeyToken=null" name="TestOpenThreeAccounts" />
    </UnitTest>
    <UnitTest name="TestOneDepositToSavingsAccount" storage="c:\temp\training\abc-bank\abc-banktests\bin\debug\abc-banktests.dll" id="35e42c63-e786-4abb-c311-f0995526bce9">
      <Execution id="67d20726-71ba-4d5a-9477-74b5409935f2" />
      <TestMethod codeBase="C:/temp/training/abc-bank/abc-bankTests/bin/Debug/abc-bankTests.DLL" adapterTypeName="Microsoft.VisualStudio.TestTools.TestTypes.Unit.UnitTestAdapter, Microsoft.VisualStudio.QualityTools.Tips.UnitTest.Adapter, Version=10.0.0.0, Culture=neutral, PublicKeyToken=b03f5f7f11d50a3a" className="abc_bankTests.BankTests, abc-bankTests, Version=1.0.0.0, Culture=neutral, PublicKeyToken=null" name="TestOneDepositToSavingsAccount" />
    </UnitTest>
    <UnitTest name="TestOneDepositAndTotal" storage="c:\temp\training\abc-bank\abc-banktests\bin\debug\abc-banktests.dll" id="a9952bc1-f26e-c1bc-166d-0eda2e726ce0">
      <Execution id="80ef3e81-444e-4a03-90d5-1cd9f4f9fa9b" />
      <TestMethod codeBase="C:/temp/training/abc-bank/abc-bankTests/bin/Debug/abc-bankTests.DLL" adapterTypeName="Microsoft.VisualStudio.TestTools.TestTypes.Unit.UnitTestAdapter, Microsoft.VisualStudio.QualityTools.Tips.UnitTest.Adapter, Version=10.0.0.0, Culture=neutral, PublicKeyToken=b03f5f7f11d50a3a" className="abc_bankTests.BankTests, abc-bankTests, Version=1.0.0.0, Culture=neutral, PublicKeyToken=null" name="TestOneDepositAndTotal" />
    </UnitTest>
  </TestDefinitions>
  <TestLists>
    <TestList name="Results Not in a List" id="8c84fa94-04c1-424b-9868-57a2d4851a1d" />
    <TestList name="All Loaded Results" id="19431567-8539-422a-85d7-44ee4e166bda" />
  </TestLists>
  <TestEntries>
    <TestEntry testId="3185a329-4b7e-5ce6-5b39-9fd77dd8d3f0" executionId="9c45e3f8-fbab-4e55-87a6-47b30a110025" testListId="8c84fa94-04c1-424b-9868-57a2d4851a1d" />
    <TestEntry testId="a9952bc1-f26e-c1bc-166d-0eda2e726ce0" executionId="80ef3e81-444e-4a03-90d5-1cd9f4f9fa9b" testListId="8c84fa94-04c1-424b-9868-57a2d4851a1d" />
    <TestEntry testId="bc3bd5e0-1838-00d0-4d62-d39fd32dd612" executionId="dddf8ae2-2110-4e09-a73f-5f43988db0f5" testListId="8c84fa94-04c1-424b-9868-57a2d4851a1d" />
    <TestEntry testId="828d7b9d-e038-3d41-4792-2b0fc2fbe10f" executionId="84866740-a536-4861-9c63-cd72117bdb05" testListId="8c84fa94-04c1-424b-9868-57a2d4851a1d" />
    <TestEntry testId="35e42c63-e786-4abb-c311-f0995526bce9" executionId="67d20726-71ba-4d5a-9477-74b5409935f2" testListId="8c84fa94-04c1-424b-9868-57a2d4851a1d" />
  </TestEntries>
  <Results>
    <UnitTestResult executionId="9c45e3f8-fbab-4e55-87a6-47b30a110025" testId="3185a329-4b7e-5ce6-5b39-9fd77dd8d3f0" testName="TestNoDepositTotalZero" computerName="TWOSIXAG" duration="00:00:00.0241992" startTime="2014-09-01T02:20:50.0054416-04:00" endTime="2014-09-01T02:20:50.9726433-04:00" testType="13cdc9d9-ddb5-4fa4-a97d-d965ccfc6d4b" outcome="Passed" testListId="8c84fa94-04c1-424b-9868-57a2d4851a1d" relativeResultsDirectory="9c45e3f8-fbab-4e55-87a6-47b30a110025">
    </UnitTestResult>
    <UnitTestResult executionId="80ef3e81-444e-4a03-90d5-1cd9f4f9fa9b" testId="a9952bc1-f26e-c1bc-166d-0eda2e726ce0" testName="TestOneDepositAndTotal" computerName="TWOSIXAG" duration="00:00:00.0789042" startTime="2014-09-01T02:20:50.9882434-04:00" endTime="2014-09-01T02:20:51.0818435-04:00" testType="13cdc9d9-ddb5-4fa4-a97d-d965ccfc6d4b" outcome="Passed" testListId="8c84fa94-04c1-424b-9868-57a2d4851a1d" relativeResultsDirectory="80ef3e81-444e-4a03-90d5-1cd9f4f9fa9b">
    </UnitTestResult>
    <UnitTestResult executionId="dddf8ae2-2110-4e09-a73f-5f43988db0f5" testId="bc3bd5e0-1838-00d0-4d62-d39fd32dd612" testName="TestOneDepositWithdrawalAndTotal" computerName="TWOSIXAG" duration="00:00:00.0014783" startTime="2014-09-01T02:20:51.0818435-04:00" endTime="2014-09-01T02:20:51.0974435-04:00" testType="13cdc9d9-ddb5-4fa4-a97d-d965ccfc6d4b" outcome="Passed" testListId="8c84fa94-04c1-424b-9868-57a2d4851a1d" relativeResultsDirectory="dddf8ae2-2110-4e09-a73f-5f43988db0f5">
    </UnitTestResult>
    <UnitTestResult executionId="84866740-a536-4861-9c63-cd72117bdb05" testId="828d7b9d-e038-3d41-4792-2b0fc2fbe10f" testName="TestOpenThreeAccounts" computerName="TWOSIXAG" duration="00:00:00.0011657" startTime="2014-09-01T02:20:51.1130436-04:00" endTime="2014-09-01T02:20:51.1130436-04:00" testType="13cdc9d9-ddb5-4fa4-a97d-d965ccfc6d4b" outcome="Passed" testListId="8c84fa94-04c1-424b-9868-57a2d4851a1d" relativeResultsDirectory="84866740-a536-4861-9c63-cd72117bdb05">
    </UnitTestResult>
    <UnitTestResult executionId="67d20726-71ba-4d5a-9477-74b5409935f2" testId="35e42c63-e786-4abb-c311-f0995526bce9" testName="TestOneDepositToSavingsAccount" computerName="TWOSIXAG" duration="00:00:43.7186848" startTime="2014-09-01T02:20:51.1286436-04:00" endTime="2014-09-01T02:21:34.8473284-04:00" testType="13cdc9d9-ddb5-4fa4-a97d-d965ccfc6d4b" outcome="Aborted" testListId="8c84fa94-04c1-424b-9868-57a2d4851a1d" relativeResultsDirectory="67d20726-71ba-4d5a-9477-74b5409935f2">
    </UnitTestResult>
  </Results>
</TestRun>