<?xml version="1.0" encoding="UTF-8"?>
<TestRun id="0daa57e1-5dec-4635-bebc-2d5c5d672269" name="shreyansowmya@TWOSIXAG 2014-09-01 01:46:06" runUser="twosixag\shreyansowmya" xmlns="http://microsoft.com/schemas/VisualStudio/TeamTest/2010">
  <TestSettings name="Local" id="d6b52016-2952-41ce-93c4-d23e9e59ad95">
    <Description>These are default test settings for a local test run.</Description>
    <Deployment enabled="false" runDeploymentRoot="shreyansowmya_TWOSIXAG 2014-09-01 01_46_06">
      <DeploymentItem filename="C:\temp\training\abc-bank\abc-bank\bin\Debug\abc-bank.dll" />
    </Deployment>
    <Execution>
      <TestTypeSpecific />
      <AgentRule name="Execution Agents">
      </AgentRule>
    </Execution>
  </TestSettings>
  <Times creation="2014-09-01T01:46:06.3155847-04:00" queuing="2014-09-01T01:46:07.0496267-04:00" start="2014-09-01T01:46:07.0976294-04:00" finish="2014-09-01T01:46:08.1546899-04:00" />
  <ResultSummary outcome="Completed">
    <Counters total="1" executed="1" passed="1" error="0" failed="0" timeout="0" aborted="0" inconclusive="0" passedButRunAborted="0" notRunnable="0" notExecuted="0" disconnected="0" warning="0" completed="0" inProgress="0" pending="0" />
  </ResultSummary>
  <TestDefinitions>
    <UnitTest name="TestNoDepositTotalZero" storage="c:\temp\training\abc-bank\abc-banktests\bin\debug\abc-banktests.dll" id="3185a329-4b7e-5ce6-5b39-9fd77dd8d3f0">
      <Execution id="6a0dc18f-05b0-4333-9298-21c551415461" />
      <TestMethod codeBase="C:/temp/training/abc-bank/abc-bankTests/bin/Debug/abc-bankTests.DLL" adapterTypeName="Microsoft.VisualStudio.TestTools.TestTypes.Unit.UnitTestAdapter, Microsoft.VisualStudio.QualityTools.Tips.UnitTest.Adapter, Version=10.0.0.0, Culture=neutral, PublicKeyToken=b03f5f7f11d50a3a" className="abc_bankTests.BankTests, abc-bankTests, Version=1.0.0.0, Culture=neutral, PublicKeyToken=null" name="TestNoDepositTotalZero" />
    </UnitTest>
  </TestDefinitions>
  <TestLists>
    <TestList name="Results Not in a List" id="8c84fa94-04c1-424b-9868-57a2d4851a1d" />
    <TestList name="All Loaded Results" id="19431567-8539-422a-85d7-44ee4e166bda" />
  </TestLists>
  <TestEntries>
    <TestEntry testId="3185a329-4b7e-5ce6-5b39-9fd77dd8d3f0" executionId="6a0dc18f-05b0-4333-9298-21c551415461" testListId="8c84fa94-04c1-424b-9868-57a2d4851a1d" />
  </TestEntries>
  <Results>
    <UnitTestResult executionId="6a0dc18f-05b0-4333-9298-21c551415461" testId="3185a329-4b7e-5ce6-5b39-9fd77dd8d3f0" testName="TestNoDepositTotalZero" computerName="TWOSIXAG" duration="00:00:00.0268460" startTime="2014-09-01T01:46:07.1236309-04:00" endTime="2014-09-01T01:46:08.0766854-04:00" testType="13cdc9d9-ddb5-4fa4-a97d-d965ccfc6d4b" outcome="Passed" testListId="8c84fa94-04c1-424b-9868-57a2d4851a1d" relativeResultsDirectory="6a0dc18f-05b0-4333-9298-21c551415461">
    </UnitTestResult>
  </Results>
</TestRun>