<?xml version="1.0" encoding="UTF-8"?>
<TestRun id="b7faa2d8-c980-4597-935f-bb4ac0fba396" name="shreyansowmya@TWOSIXAG 2014-09-01 01:44:56" runUser="twosixag\shreyansowmya" xmlns="http://microsoft.com/schemas/VisualStudio/TeamTest/2010">
  <TestSettings name="Local" id="d6b52016-2952-41ce-93c4-d23e9e59ad95">
    <Description>These are default test settings for a local test run.</Description>
    <Deployment enabled="false" runDeploymentRoot="shreyansowmya_TWOSIXAG 2014-09-01 01_44_56">
      <DeploymentItem filename="C:\temp\training\abc-bank\abc-bank\bin\Debug\abc-bank.dll" />
    </Deployment>
    <Execution>
      <TestTypeSpecific />
      <AgentRule name="Execution Agents">
      </AgentRule>
    </Execution>
  </TestSettings>
  <Times creation="2014-09-01T01:44:56.9496172-04:00" queuing="2014-09-01T01:44:59.0717386-04:00" start="2014-09-01T01:44:59.2097465-04:00" finish="2014-09-01T01:45:46.2484369-04:00" />
  <ResultSummary outcome="Error">
    <Counters total="1" executed="1" error="0" failed="0" timeout="0" aborted="1" inconclusive="0" passedButRunAborted="0" notRunnable="0" notExecuted="0" disconnected="0" warning="0" passed="0" completed="0" inProgress="0" pending="0" />
    <RunInfos>
      <RunInfo computerName="TWOSIXAG" outcome="Error" timestamp="2014-09-01T01:45:46.2404365-04:00">
        <Text>Test host process exited unexpectedly.</Text>
      </RunInfo>
    </RunInfos>
  </ResultSummary>
  <TestDefinitions>
    <UnitTest name="TestNoDepositTotalZero" storage="c:\temp\training\abc-bank\abc-banktests\bin\debug\abc-banktests.dll" id="3185a329-4b7e-5ce6-5b39-9fd77dd8d3f0">
      <Execution id="596952a5-7e29-49e2-9c98-58a1a5a6c544" />
      <TestMethod codeBase="C:/temp/training/abc-bank/abc-bankTests/bin/Debug/abc-bankTests.DLL" adapterTypeName="Microsoft.VisualStudio.TestTools.TestTypes.Unit.UnitTestAdapter, Microsoft.VisualStudio.QualityTools.Tips.UnitTest.Adapter, Version=10.0.0.0, Culture=neutral, PublicKeyToken=b03f5f7f11d50a3a" className="abc_bankTests.BankTests, abc-bankTests, Version=1.0.0.0, Culture=neutral, PublicKeyToken=null" name="TestNoDepositTotalZero" />
    </UnitTest>
  </TestDefinitions>
  <TestLists>
    <TestList name="Results Not in a List" id="8c84fa94-04c1-424b-9868-57a2d4851a1d" />
    <TestList name="All Loaded Results" id="19431567-8539-422a-85d7-44ee4e166bda" />
  </TestLists>
  <TestEntries>
    <TestEntry testId="3185a329-4b7e-5ce6-5b39-9fd77dd8d3f0" executionId="596952a5-7e29-49e2-9c98-58a1a5a6c544" testListId="8c84fa94-04c1-424b-9868-57a2d4851a1d" />
  </TestEntries>
  <Results>
    <UnitTestResult executionId="596952a5-7e29-49e2-9c98-58a1a5a6c544" testId="3185a329-4b7e-5ce6-5b39-9fd77dd8d3f0" testName="TestNoDepositTotalZero" computerName="TWOSIXAG" duration="00:00:46.9996882" startTime="2014-09-01T01:44:59.2417483-04:00" endTime="2014-09-01T01:45:46.2414365-04:00" testType="13cdc9d9-ddb5-4fa4-a97d-d965ccfc6d4b" outcome="Aborted" testListId="8c84fa94-04c1-424b-9868-57a2d4851a1d" relativeResultsDirectory="596952a5-7e29-49e2-9c98-58a1a5a6c544">
    </UnitTestResult>
  </Results>
</TestRun>